<?xml version="1.0" encoding="UTF-8"?>
<robot generator="Robot 7.2.2 (Python 3.9.13 on win32)" generated="2025-02-23T13:36:01.010278" rpa="false" schemaversion="5">
<suite id="s1" name="Run Browser" source="C:\Users\fabre\PycharmProjects\RobotFrameworkTraining\run_browser.robot">
<test id="s1-t1" name="Run Browser" line="10">
<for flavor="IN">
<iter>
<kw name="Open Browser" owner="SeleniumLibrary">
<msg time="2025-02-23T13:36:01.143745" level="INFO">Opening browser 'chrome' to base url 'https://the-internet.herokuapp.com/'.</msg>
<arg>${url}</arg>
<arg>${i}</arg>
<doc>Opens a new browser instance to the optional ``url``.</doc>
<status status="PASS" start="2025-02-23T13:36:01.143745" elapsed="3.166726"/>
</kw>
<kw name="Close Browser" owner="SeleniumLibrary">
<doc>Closes the current browser.</doc>
<status status="PASS" start="2025-02-23T13:36:04.310471" elapsed="2.064820"/>
</kw>
<var name="${i}">chrome</var>
<status status="PASS" start="2025-02-23T13:36:01.142744" elapsed="5.233574"/>
</iter>
<iter>
<kw name="Open Browser" owner="SeleniumLibrary">
<msg time="2025-02-23T13:36:06.377320" level="INFO">Opening browser 'edge' to base url 'https://the-internet.herokuapp.com/'.</msg>
<arg>${url}</arg>
<arg>${i}</arg>
<doc>Opens a new browser instance to the optional ``url``.</doc>
<status status="PASS" start="2025-02-23T13:36:06.376318" elapsed="4.213778"/>
</kw>
<kw name="Close Browser" owner="SeleniumLibrary">
<doc>Closes the current browser.</doc>
<status status="PASS" start="2025-02-23T13:36:10.590096" elapsed="2.075317"/>
</kw>
<var name="${i}">edge</var>
<status status="PASS" start="2025-02-23T13:36:06.376318" elapsed="6.289095"/>
</iter>
<var>${i}</var>
<value>@{list_of_browsers}</value>
<status status="PASS" start="2025-02-23T13:36:01.142744" elapsed="11.523672"/>
</for>
<status status="PASS" start="2025-02-23T13:36:01.142744" elapsed="11.523672"/>
</test>
<status status="PASS" start="2025-02-23T13:36:01.011277" elapsed="11.657140"/>
</suite>
<statistics>
<total>
<stat pass="1" fail="0" skip="0">All Tests</stat>
</total>
<tag>
</tag>
<suite>
<stat name="Run Browser" id="s1" pass="1" fail="0" skip="0">Run Browser</stat>
</suite>
</statistics>
<errors>
</errors>
</robot>
